Info: Start Nativelink Simulation process
Error: NativeLink simulation flow was NOT successful



================The following additional information is provided to help identify the cause of error while running nativelink scripts=================
Nativelink TCL script failed with errorCode:  NONE
Nativelink TCL script failed with errorInfo:  Invalid user compiled directory G:/QKD_1GHZ/verilog/err_estimat_5Q16/simulation 
    (procedure "run_eda_simulation_tool" line 1)
    invoked from within
"run_eda_simulation_tool eda_opts_hash"
ria10
Quartus root          :  d:/intelfpga/16.1/quartus/bin64/
Quartus sim root      :  d:/intelfpga/16.1/quartus/eda/sim_lib
Simulation Tool       :  modelsim
Simulation Language   :  verilog
Simulation Mode       :  GUI
Sim Output File       :  
Sim SDF file          :  
Sim dir               :  simulation\modelsim

=======================================================

Info: Starting NativeLink simulation with ModelSim software
Sourced NativeLink script d:/intelfpga/16.1/quartus/common/tcl/internal/nativelink/modelsim.tcl
Info: Spawning ModelSim Simulation software 
